<?xml version="1.0" encoding="UTF-8" ?>
<testsuite tests="32" failures="0" name="calculator.RunnerTest" time="0.008" errors="0" skipped="0">
  <properties>
[...]
</properties>
  <testcase classname="Scenario: add two numbers" name="Given Two input values, 1 and 2" time="0.003"/>
  <testcase classname="Scenario: add two numbers" name="When I add the two values" time="0"/>
  <testcase classname="Scenario: add two numbers" name="Then I expect the result 3" time="0"/>
  <testcase classname="Scenario: add two numbers" name="Scenario: add two numbers" time="0"/>
  <testcase classname="| 1 | 12 | 13 |" name="Given Two input values, 1 and 12" time="0"/>
  <testcase classname="| 1 | 12 | 13 |" name="When I add the two values" time="0"/>
  <testcase classname="| 1 | 12 | 13 |" name="Then I expect the result 13" time="0"/>
  <testcase classname="| 1 | 12 | 13 |" name="| 1 | 12 | 13 |" time="0.001"/>
  <testcase classname="| -1 | 6 | 5 |" name="Given Two input values, -1 and 6" time="0"/>
  <testcase classname="| -1 | 6 | 5 |" name="When I add the two values" time="0"/>
  <testcase classname="| -1 | 6 | 5 |" name="Then I expect the result 5" time="0"/>
  <testcase classname="| -1 | 6 | 5 |" name="| -1 | 6 | 5 |" time="0.001"/>
  <testcase classname="| 2 | 2 | 4 |" name="Given Two input values, 2 and 2" time="0"/>
  <testcase classname="| 2 | 2 | 4 |" name="When I add the two values" time="0"/>
  <testcase classname="| 2 | 2 | 4 |" name="Then I expect the result 4" time="0"/>
  <testcase classname="| 2 | 2 | 4 |" name="| 2 | 2 | 4 |" time="0"/>
  <testcase classname="Scenario: calculate with two numbers and sign" name="Given Two input values, 11 and 2, and a sign *" time="0"/>
  <testcase classname="Scenario: calculate with two numbers and sign" name="When I calculate the equation" time="0"/>
  <testcase classname="Scenario: calculate with two numbers and sign" name="Then I expect the result number 22" time="0"/>
  <testcase classname="Scenario: calculate with two numbers and sign" name="Scenario: calculate with two numbers and sign" time="0"/>
  <testcase classname="| 6 | 2 | * | 12 |" name="Given Two input values, 6 and 2, and a sign *" time="0"/>
  <testcase classname="| 6 | 2 | * | 12 |" name="When I calculate the equation" time="0"/>
  <testcase classname="| 6 | 2 | * | 12 |" name="Then I expect the result number 12" time="0"/>
  <testcase classname="| 6 | 2 | * | 12 |" name="| 6 | 2 | * | 12 |" time="0.001"/>
  <testcase classname="| 6 | 2 | / | 3 |" name="Given Two input values, 6 and 2, and a sign /" time="0"/>
  <testcase classname="| 6 | 2 | / | 3 |" name="When I calculate the equation" time="0.001"/>
  <testcase classname="| 6 | 2 | / | 3 |" name="Then I expect the result number 3" time="0"/>
  <testcase classname="| 6 | 2 | / | 3 |" name="| 6 | 2 | / | 3 |" time="0.001"/>
  <testcase classname="| 6 | 2 | ^ | 36 |" name="Given Two input values, 6 and 2, and a sign ^" time="0"/>
  <testcase classname="| 6 | 2 | ^ | 36 |" name="When I calculate the equation" time="0"/>
  <testcase classname="| 6 | 2 | ^ | 36 |" name="Then I expect the result number 36" time="0"/>
  <testcase classname="| 6 | 2 | ^ | 36 |" name="| 6 | 2 | ^ | 36 |" time="0"/>
</testsuite>